  BulletPool.cpp
  Game.cpp
C:\Projects\SDLProjects\SDL_Space_Shooter\SDL_Space_Shooter\Game.cpp(68,62): warning C4244: 'argument': conversion from 'Sint32' to 'float', possible loss of data
C:\Projects\SDLProjects\SDL_Space_Shooter\SDL_Space_Shooter\Game.cpp(68,42): warning C4244: 'argument': conversion from 'Sint32' to 'float', possible loss of data
C:\Projects\SDLProjects\SDL_Space_Shooter\SDL_Space_Shooter\Game.cpp(58,6): warning C4101: 'scancode': unreferenced local variable
C:\Projects\SDLProjects\SDL_Space_Shooter\SDL_Space_Shooter\Game.cpp(166,32): warning C4244: '=': conversion from 'int' to 'float', possible loss of data
C:\Projects\SDLProjects\SDL_Space_Shooter\SDL_Space_Shooter\Game.cpp(175,33): warning C4244: '=': conversion from 'int' to 'float', possible loss of data
C:\Projects\SDLProjects\SDL_Space_Shooter\SDL_Space_Shooter\Game.cpp(176,32): warning C4244: '=': conversion from 'int' to 'float', possible loss of data
C:\Projects\SDLProjects\SDL_Space_Shooter\SDL_Space_Shooter\Game.cpp(211,30): warning C4244: '=': conversion from 'float' to 'int', possible loss of data
C:\Projects\SDLProjects\SDL_Space_Shooter\SDL_Space_Shooter\Game.cpp(212,33): warning C4244: '=': conversion from 'float' to 'int', possible loss of data
C:\Projects\SDLProjects\SDL_Space_Shooter\SDL_Space_Shooter\Game.cpp(213,30): warning C4244: '=': conversion from 'float' to 'int', possible loss of data
C:\Projects\SDLProjects\SDL_Space_Shooter\SDL_Space_Shooter\Game.cpp(214,33): warning C4244: '=': conversion from 'float' to 'int', possible loss of data
C:\Projects\SDLProjects\SDL_Space_Shooter\SDL_Space_Shooter\Game.cpp(218,28): warning C4244: '=': conversion from 'float' to 'int', possible loss of data
C:\Projects\SDLProjects\SDL_Space_Shooter\SDL_Space_Shooter\Game.cpp(219,31): warning C4244: '=': conversion from 'float' to 'int', possible loss of data
C:\Projects\SDLProjects\SDL_Space_Shooter\SDL_Space_Shooter\Game.cpp(220,28): warning C4244: '=': conversion from 'float' to 'int', possible loss of data
C:\Projects\SDLProjects\SDL_Space_Shooter\SDL_Space_Shooter\Game.cpp(221,31): warning C4244: '=': conversion from 'float' to 'int', possible loss of data
C:\Projects\SDLProjects\SDL_Space_Shooter\SDL_Space_Shooter\Game.cpp(224,48): warning C4244: '=': conversion from 'float' to 'int', possible loss of data
C:\Projects\SDLProjects\SDL_Space_Shooter\SDL_Space_Shooter\Game.cpp(225,52): warning C4244: '=': conversion from 'float' to 'int', possible loss of data
C:\Projects\SDLProjects\SDL_Space_Shooter\SDL_Space_Shooter\Game.cpp(226,48): warning C4244: '=': conversion from 'float' to 'int', possible loss of data
C:\Projects\SDLProjects\SDL_Space_Shooter\SDL_Space_Shooter\Game.cpp(227,52): warning C4244: '=': conversion from 'float' to 'int', possible loss of data
  Player.cpp
C:\Projects\SDLProjects\SDL_Space_Shooter\SDL_Space_Shooter\Player.cpp(151,49): warning C4244: '=': conversion from 'double' to 'float', possible loss of data
  Source.cpp
  Generating Code...
C:\Projects\SDLProjects\SDL_Space_Shooter\SDL_Space_Shooter\Player.cpp(72): warning C4715: 'Player::Input': not all control paths return a value
  SDL_Space_Shooter.vcxproj -> C:\Projects\SDLProjects\SDL_Space_Shooter\x64\Debug\SDL_Space_Shooter.exe
