c:\sdlprojects\sdl_space_shooter_game\sdl_space_shooter\x64\debug\vc142.pdb
c:\sdlprojects\sdl_space_shooter_game\sdl_space_shooter\x64\debug\vc142.idb
c:\projects\sdlprojects\sdl_space_shooter\sdl_space_shooter\x64\debug\vc142.pdb
c:\projects\sdlprojects\sdl_space_shooter\sdl_space_shooter\x64\debug\vc142.idb
c:\projects\sdlprojects\sdl_space_shooter\sdl_space_shooter\x64\debug\source.obj
c:\projects\sdlprojects\sdl_space_shooter\sdl_space_shooter\x64\debug\renderwindow.obj
c:\projects\sdlprojects\sdl_space_shooter\sdl_space_shooter\x64\debug\player.obj
c:\projects\sdlprojects\sdl_space_shooter\sdl_space_shooter\x64\debug\game.obj
c:\projects\sdlprojects\sdl_space_shooter\sdl_space_shooter\x64\debug\engine.obj
c:\projects\sdlprojects\sdl_space_shooter\sdl_space_shooter\x64\debug\enemypooling.obj
c:\projects\sdlprojects\sdl_space_shooter\sdl_space_shooter\x64\debug\enemy.obj
c:\projects\sdlprojects\sdl_space_shooter\sdl_space_shooter\x64\debug\bulletpool.obj
c:\projects\sdlprojects\sdl_space_shooter\sdl_space_shooter\x64\debug\timer.obj
c:\projects\sdlprojects\sdl_space_shooter\x64\debug\sdl_space_shooter.exe
c:\projects\sdlprojects\sdl_space_shooter\sdl_space_shooter\x64\debug\sdl_space_shooter.ilk
c:\projects\sdlprojects\sdl_space_shooter\x64\debug\sdl_space_shooter.pdb
c:\projects\sdlprojects\sdl_space_shooter\sdl_space_shooter\x64\debug\object.obj
c:\projects\sdlprojects\sdl_space_shooter\sdl_space_shooter\x64\debug\objectpool.obj
c:\projects\sdlprojects\sdl_space_shooter\sdl_space_shooter\x64\debug\enemypooling.new.obj.enc
c:\projects\sdlprojects\sdl_space_shooter\sdl_space_shooter\x64\debug\sdl_spac.b9c530b5.tlog\cl.command.1.tlog
c:\projects\sdlprojects\sdl_space_shooter\sdl_space_shooter\x64\debug\sdl_spac.b9c530b5.tlog\cl.read.1.tlog
c:\projects\sdlprojects\sdl_space_shooter\sdl_space_shooter\x64\debug\sdl_spac.b9c530b5.tlog\cl.write.1.tlog
c:\projects\sdlprojects\sdl_space_shooter\sdl_space_shooter\x64\debug\sdl_spac.b9c530b5.tlog\link.command.1.tlog
c:\projects\sdlprojects\sdl_space_shooter\sdl_space_shooter\x64\debug\sdl_spac.b9c530b5.tlog\link.read.1.tlog
c:\projects\sdlprojects\sdl_space_shooter\sdl_space_shooter\x64\debug\sdl_spac.b9c530b5.tlog\link.write.1.tlog
